

Version:	3.14
CmdLine:	C:\Users\thoma\IdeaProjects\coach\out\artifacts\coach_jar\coach.exe --l4j-debug
WOW64:		yes
Working dir:	C:\Users\thoma\IdeaProjects\coach\out\artifacts\coach_jar\.
Java min ver:	1.008.000_291
Java max ver:	
64-bit search:	SOFTWARE\JavaSoft\Java Runtime Environment...
Check:		SOFTWARE\JavaSoft\Java Runtime Environment\1.8
Ignore:		1.008.000
Check:		SOFTWARE\JavaSoft\Java Runtime Environment\1.8.0_291
Check launcher:	C:\Program Files\Java\jre1.8.0_291\bin\javaw.exe (OK)
Match:		1.008.000_291
64-bit search:	SOFTWARE\JavaSoft\Java Development Kit...
64-bit search:	SOFTWARE\JavaSoft\JRE...
64-bit search:	SOFTWARE\JavaSoft\JDK...
Runtime used:	1.008.000_291 (64-bit)
Launcher:	C:\Program Files\Java\jre1.8.0_291\bin\javaw.exe
Launcher args:	-jar "C:\Users\thoma\IdeaProjects\coach\out\artifacts\coach_jar\coach.exe"
Args length:	74/32768 chars
Exit code:	0


Version:	3.14
CmdLine:	C:\Users\thoma\IdeaProjects\coach\out\artifacts\coach_jar\coach.exe --l4j-debug
WOW64:		yes
Working dir:	C:\Users\thoma\IdeaProjects\coach\out\artifacts\coach_jar\.
Java min ver:	1.008.000_291
Java max ver:	
64-bit search:	SOFTWARE\JavaSoft\Java Runtime Environment...
Check:		SOFTWARE\JavaSoft\Java Runtime Environment\1.8
Ignore:		1.008.000
Check:		SOFTWARE\JavaSoft\Java Runtime Environment\1.8.0_291
Check launcher:	C:\Program Files\Java\jre1.8.0_291\bin\javaw.exe (OK)
Match:		1.008.000_291
64-bit search:	SOFTWARE\JavaSoft\Java Development Kit...
64-bit search:	SOFTWARE\JavaSoft\JRE...
64-bit search:	SOFTWARE\JavaSoft\JDK...
Runtime used:	1.008.000_291 (64-bit)
Launcher:	C:\Program Files\Java\jre1.8.0_291\bin\javaw.exe
Launcher args:	-jar "C:\Users\thoma\IdeaProjects\coach\out\artifacts\coach_jar\coach.exe"
Args length:	74/32768 chars
Exit code:	0


Version:	3.14
CmdLine:	C:\Users\thoma\IdeaProjects\coach\out\artifacts\coach_jar\coach.exe --l4j-debug
WOW64:		yes
Working dir:	C:\Users\thoma\IdeaProjects\coach\out\artifacts\coach_jar\.
Java min ver:	1.008.000_291
Java max ver:	
64-bit search:	SOFTWARE\JavaSoft\Java Runtime Environment...
Check:		SOFTWARE\JavaSoft\Java Runtime Environment\1.8
Ignore:		1.008.000
Check:		SOFTWARE\JavaSoft\Java Runtime Environment\1.8.0_291
Check launcher:	C:\Program Files\Java\jre1.8.0_291\bin\javaw.exe (OK)
Match:		1.008.000_291
64-bit search:	SOFTWARE\JavaSoft\Java Development Kit...
64-bit search:	SOFTWARE\JavaSoft\JRE...
64-bit search:	SOFTWARE\JavaSoft\JDK...
Runtime used:	1.008.000_291 (64-bit)
Launcher:	C:\Program Files\Java\jre1.8.0_291\bin\javaw.exe
Launcher args:	-jar "C:\Users\thoma\IdeaProjects\coach\out\artifacts\coach_jar\coach.exe"
Args length:	74/32768 chars
Exit code:	0


Version:	3.14
CmdLine:	C:\Users\thoma\IdeaProjects\coach\out\artifacts\coach_jar\coach.exe --l4j-debug
WOW64:		yes
Working dir:	C:\Users\thoma\IdeaProjects\coach\out\artifacts\coach_jar\.
Java min ver:	1.008.000_291
Java max ver:	
64-bit search:	SOFTWARE\JavaSoft\Java Runtime Environment...
Check:		SOFTWARE\JavaSoft\Java Runtime Environment\1.8
Ignore:		1.008.000
Check:		SOFTWARE\JavaSoft\Java Runtime Environment\1.8.0_291
Check launcher:	C:\Program Files\Java\jre1.8.0_291\bin\javaw.exe (OK)
Match:		1.008.000_291
64-bit search:	SOFTWARE\JavaSoft\Java Development Kit...
64-bit search:	SOFTWARE\JavaSoft\JRE...
64-bit search:	SOFTWARE\JavaSoft\JDK...
Runtime used:	1.008.000_291 (64-bit)
Launcher:	C:\Program Files\Java\jre1.8.0_291\bin\javaw.exe
Launcher args:	-jar "C:\Users\thoma\IdeaProjects\coach\out\artifacts\coach_jar\coach.exe"
Args length:	74/32768 chars
Exit code:	0


Version:	3.14
CmdLine:	C:\Users\thoma\IdeaProjects\coach\out\artifacts\coach_jar\coach.exe --l4j-debug
WOW64:		yes
Working dir:	C:\Users\thoma\IdeaProjects\coach\out\artifacts\coach_jar\.
Java min ver:	1.008.000_291
Java max ver:	
64-bit search:	SOFTWARE\JavaSoft\Java Runtime Environment...
Check:		SOFTWARE\JavaSoft\Java Runtime Environment\1.8
Ignore:		1.008.000
Check:		SOFTWARE\JavaSoft\Java Runtime Environment\1.8.0_291
Check launcher:	C:\Program Files\Java\jre1.8.0_291\bin\javaw.exe (OK)
Match:		1.008.000_291
64-bit search:	SOFTWARE\JavaSoft\Java Development Kit...
64-bit search:	SOFTWARE\JavaSoft\JRE...
64-bit search:	SOFTWARE\JavaSoft\JDK...
Runtime used:	1.008.000_291 (64-bit)
Launcher:	C:\Program Files\Java\jre1.8.0_291\bin\javaw.exe
Launcher args:	-jar "C:\Users\thoma\IdeaProjects\coach\out\artifacts\coach_jar\coach.exe"
Args length:	74/32768 chars
Exit code:	0


Version:	3.14
CmdLine:	C:\Users\thoma\IdeaProjects\coach\out\artifacts\coach_jar\coach.exe --l4j-debug
WOW64:		yes
Java min ver:	1.008.000_291
Java max ver:	
64-bit search:	SOFTWARE\JavaSoft\Java Runtime Environment...
Check:		SOFTWARE\JavaSoft\Java Runtime Environment\1.8
Ignore:		1.008.000
Check:		SOFTWARE\JavaSoft\Java Runtime Environment\1.8.0_291
Check launcher:	C:\Program Files\Java\jre1.8.0_291\bin\javaw.exe (OK)
Match:		1.008.000_291
64-bit search:	SOFTWARE\JavaSoft\Java Development Kit...
64-bit search:	SOFTWARE\JavaSoft\JRE...
64-bit search:	SOFTWARE\JavaSoft\JDK...
Runtime used:	1.008.000_291 (64-bit)
Launcher:	C:\Program Files\Java\jre1.8.0_291\bin\javaw.exe
Launcher args:	-jar "C:\Users\thoma\IdeaProjects\coach\out\artifacts\coach_jar\coach.exe"
Args length:	74/32768 chars
Exit code:	0


Version:	3.14
CmdLine:	C:\Users\thoma\IdeaProjects\coach\out\artifacts\coach_jar\coach.exe --l4j-debug
WOW64:		yes
Java min ver:	1.008.000_291
Java max ver:	
64-bit search:	SOFTWARE\JavaSoft\Java Runtime Environment...
Check:		SOFTWARE\JavaSoft\Java Runtime Environment\1.8
Ignore:		1.008.000
Check:		SOFTWARE\JavaSoft\Java Runtime Environment\1.8.0_291
Check launcher:	C:\Program Files\Java\jre1.8.0_291\bin\javaw.exe (OK)
Match:		1.008.000_291
64-bit search:	SOFTWARE\JavaSoft\Java Development Kit...
64-bit search:	SOFTWARE\JavaSoft\JRE...
64-bit search:	SOFTWARE\JavaSoft\JDK...
Runtime used:	1.008.000_291 (64-bit)
Launcher:	C:\Program Files\Java\jre1.8.0_291\bin\javaw.exe
Launcher args:	-jar "C:\Users\thoma\IdeaProjects\coach\out\artifacts\coach_jar\coach.exe"
Args length:	74/32768 chars
Exit code:	0


Version:	3.14
CmdLine:	C:\Users\thoma\IdeaProjects\coach\out\artifacts\coach_jar\coach.exe --l4j-debug
WOW64:		yes
Java min ver:	1.008.000_291
Java max ver:	
64-bit search:	SOFTWARE\JavaSoft\Java Runtime Environment...
Check:		SOFTWARE\JavaSoft\Java Runtime Environment\1.8
Ignore:		1.008.000
Check:		SOFTWARE\JavaSoft\Java Runtime Environment\1.8.0_291
Check launcher:	C:\Program Files\Java\jre1.8.0_291\bin\javaw.exe (OK)
Match:		1.008.000_291
64-bit search:	SOFTWARE\JavaSoft\Java Development Kit...
64-bit search:	SOFTWARE\JavaSoft\JRE...
64-bit search:	SOFTWARE\JavaSoft\JDK...
Runtime used:	1.008.000_291 (64-bit)
Launcher:	C:\Program Files\Java\jre1.8.0_291\bin\javaw.exe
Launcher args:	-jar "C:\Users\thoma\IdeaProjects\coach\out\artifacts\coach_jar\coach.exe"
Args length:	74/32768 chars
Exit code:	0


Version:	3.14
CmdLine:	C:\Users\thoma\IdeaProjects\coach\out\artifacts\coach_jar\coach.exe --l4j-debug
WOW64:		yes
Java min ver:	1.008.000_291
Java max ver:	
64-bit search:	SOFTWARE\JavaSoft\Java Runtime Environment...
Check:		SOFTWARE\JavaSoft\Java Runtime Environment\1.8
Ignore:		1.008.000
Check:		SOFTWARE\JavaSoft\Java Runtime Environment\1.8.0_291
Check launcher:	C:\Program Files\Java\jre1.8.0_291\bin\javaw.exe (OK)
Match:		1.008.000_291
64-bit search:	SOFTWARE\JavaSoft\Java Development Kit...
64-bit search:	SOFTWARE\JavaSoft\JRE...
64-bit search:	SOFTWARE\JavaSoft\JDK...
Runtime used:	1.008.000_291 (64-bit)
Launcher:	C:\Program Files\Java\jre1.8.0_291\bin\javaw.exe
Launcher args:	-jar "C:\Users\thoma\IdeaProjects\coach\out\artifacts\coach_jar\coach.exe"
Args length:	74/32768 chars
Exit code:	0


Version:	3.14
CmdLine:	C:\Users\thoma\IdeaProjects\coach\out\artifacts\coach_jar\coach.exe --l4j-debug
WOW64:		yes
Java min ver:	1.008.000_291
Java max ver:	
64-bit search:	SOFTWARE\JavaSoft\Java Runtime Environment...
Check:		SOFTWARE\JavaSoft\Java Runtime Environment\1.8
Ignore:		1.008.000
Check:		SOFTWARE\JavaSoft\Java Runtime Environment\1.8.0_291
Check launcher:	C:\Program Files\Java\jre1.8.0_291\bin\javaw.exe (OK)
Match:		1.008.000_291
64-bit search:	SOFTWARE\JavaSoft\Java Development Kit...
64-bit search:	SOFTWARE\JavaSoft\JRE...
64-bit search:	SOFTWARE\JavaSoft\JDK...
Runtime used:	1.008.000_291 (64-bit)
Launcher:	C:\Program Files\Java\jre1.8.0_291\bin\javaw.exe
Launcher args:	-jar "C:\Users\thoma\IdeaProjects\coach\out\artifacts\coach_jar\coach.exe"
Args length:	74/32768 chars
Exit code:	0


Version:	3.14
CmdLine:	C:\Users\thoma\IdeaProjects\coach\out\artifacts\coach_jar\coach.exe --l4j-debug
WOW64:		yes
Java min ver:	1.008.000_291
Java max ver:	
64-bit search:	SOFTWARE\JavaSoft\Java Runtime Environment...
Check:		SOFTWARE\JavaSoft\Java Runtime Environment\1.8
Ignore:		1.008.000
Check:		SOFTWARE\JavaSoft\Java Runtime Environment\1.8.0_291
Check launcher:	C:\Program Files\Java\jre1.8.0_291\bin\javaw.exe (OK)
Match:		1.008.000_291
64-bit search:	SOFTWARE\JavaSoft\Java Development Kit...
64-bit search:	SOFTWARE\JavaSoft\JRE...
64-bit search:	SOFTWARE\JavaSoft\JDK...
Runtime used:	1.008.000_291 (64-bit)
Launcher:	C:\Program Files\Java\jre1.8.0_291\bin\javaw.exe
Launcher args:	-jar "C:\Users\thoma\IdeaProjects\coach\out\artifacts\coach_jar\coach.exe"
Args length:	74/32768 chars
Exit code:	0


Version:	3.14
CmdLine:	C:\Users\thoma\IdeaProjects\coach\out\artifacts\coach_jar\coach.exe --l4j-debug
WOW64:		yes
Java min ver:	1.008.000_291
Java max ver:	
64-bit search:	SOFTWARE\JavaSoft\Java Runtime Environment...
Check:		SOFTWARE\JavaSoft\Java Runtime Environment\1.8
Ignore:		1.008.000
Check:		SOFTWARE\JavaSoft\Java Runtime Environment\1.8.0_291
Check launcher:	C:\Program Files\Java\jre1.8.0_291\bin\javaw.exe (OK)
Match:		1.008.000_291
64-bit search:	SOFTWARE\JavaSoft\Java Development Kit...
64-bit search:	SOFTWARE\JavaSoft\JRE...
64-bit search:	SOFTWARE\JavaSoft\JDK...
Runtime used:	1.008.000_291 (64-bit)
Launcher:	C:\Program Files\Java\jre1.8.0_291\bin\javaw.exe
Launcher args:	-jar "C:\Users\thoma\IdeaProjects\coach\out\artifacts\coach_jar\coach.exe"
Args length:	74/32768 chars
Exit code:	0


Version:	3.14
CmdLine:	C:\Users\thoma\IdeaProjects\coach\out\artifacts\coach_jar\coach.exe --l4j-debug
WOW64:		yes
Java min ver:	1.008.000_291
Java max ver:	
64-bit search:	SOFTWARE\JavaSoft\Java Runtime Environment...
Check:		SOFTWARE\JavaSoft\Java Runtime Environment\1.8
Ignore:		1.008.000
Check:		SOFTWARE\JavaSoft\Java Runtime Environment\1.8.0_291
Check launcher:	C:\Program Files\Java\jre1.8.0_291\bin\javaw.exe (OK)
Match:		1.008.000_291
64-bit search:	SOFTWARE\JavaSoft\Java Development Kit...
64-bit search:	SOFTWARE\JavaSoft\JRE...
64-bit search:	SOFTWARE\JavaSoft\JDK...
Runtime used:	1.008.000_291 (64-bit)
Launcher:	C:\Program Files\Java\jre1.8.0_291\bin\javaw.exe
Launcher args:	-jar "C:\Users\thoma\IdeaProjects\coach\out\artifacts\coach_jar\coach.exe"
Args length:	74/32768 chars
Exit code:	0


Version:	3.14
CmdLine:	C:\Users\thoma\IdeaProjects\coach\out\artifacts\coach_jar\coach.exe --l4j-debug
WOW64:		yes
Java min ver:	1.008.000_291
Java max ver:	
64-bit search:	SOFTWARE\JavaSoft\Java Runtime Environment...
Check:		SOFTWARE\JavaSoft\Java Runtime Environment\1.8
Ignore:		1.008.000
Check:		SOFTWARE\JavaSoft\Java Runtime Environment\1.8.0_291
Check launcher:	C:\Program Files\Java\jre1.8.0_291\bin\javaw.exe (OK)
Match:		1.008.000_291
64-bit search:	SOFTWARE\JavaSoft\Java Development Kit...
64-bit search:	SOFTWARE\JavaSoft\JRE...
64-bit search:	SOFTWARE\JavaSoft\JDK...
Runtime used:	1.008.000_291 (64-bit)
Launcher:	C:\Program Files\Java\jre1.8.0_291\bin\javaw.exe
Launcher args:	-jar "C:\Users\thoma\IdeaProjects\coach\out\artifacts\coach_jar\coach.exe"
Args length:	74/32768 chars
Exit code:	0


Version:	3.14
CmdLine:	C:\Users\thoma\IdeaProjects\coach\out\artifacts\coach_jar\coach.exe --l4j-debug
WOW64:		yes
Java min ver:	1.008.000_291
Java max ver:	
64-bit search:	SOFTWARE\JavaSoft\Java Runtime Environment...
Check:		SOFTWARE\JavaSoft\Java Runtime Environment\1.8
Ignore:		1.008.000
Check:		SOFTWARE\JavaSoft\Java Runtime Environment\1.8.0_291
Check launcher:	C:\Program Files\Java\jre1.8.0_291\bin\javaw.exe (OK)
Match:		1.008.000_291
64-bit search:	SOFTWARE\JavaSoft\Java Development Kit...
64-bit search:	SOFTWARE\JavaSoft\JRE...
64-bit search:	SOFTWARE\JavaSoft\JDK...
Runtime used:	1.008.000_291 (64-bit)
Launcher:	C:\Program Files\Java\jre1.8.0_291\bin\javaw.exe
Launcher args:	-jar "C:\Users\thoma\IdeaProjects\coach\out\artifacts\coach_jar\coach.exe"
Args length:	74/32768 chars
Exit code:	0


Version:	3.14
CmdLine:	C:\Users\thoma\IdeaProjects\coach\out\artifacts\coach_jar\coach.exe --l4j-debug
WOW64:		yes
Java min ver:	1.008.000_291
Java max ver:	
64-bit search:	SOFTWARE\JavaSoft\Java Runtime Environment...
Check:		SOFTWARE\JavaSoft\Java Runtime Environment\1.8
Ignore:		1.008.000
Check:		SOFTWARE\JavaSoft\Java Runtime Environment\1.8.0_291
Check launcher:	C:\Program Files\Java\jre1.8.0_291\bin\javaw.exe (OK)
Match:		1.008.000_291
64-bit search:	SOFTWARE\JavaSoft\Java Development Kit...
64-bit search:	SOFTWARE\JavaSoft\JRE...
64-bit search:	SOFTWARE\JavaSoft\JDK...
Runtime used:	1.008.000_291 (64-bit)
Launcher:	C:\Program Files\Java\jre1.8.0_291\bin\javaw.exe
Launcher args:	-jar "C:\Users\thoma\IdeaProjects\coach\out\artifacts\coach_jar\coach.exe"
Args length:	74/32768 chars
Exit code:	0
